2013-02-05T23:37:03+00:00 DEBUG (7): <pre><pre class='xdebug-var-dump' dir='ltr'>
<b>array</b> <i>(size=3)</i>
  'module' <font color='#888a85'>=&gt;</font> <small>string</small> <font color='#cc0000'>'pokemons'</font> <i>(length=8)</i>
  'controller' <font color='#888a85'>=&gt;</font> <small>string</small> <font color='#cc0000'>'index'</font> <i>(length=5)</i>
  'action' <font color='#888a85'>=&gt;</font> <small>string</small> <font color='#cc0000'>'index'</font> <i>(length=5)</i>
</pre></pre>
2013-02-05T23:38:00+00:00 DEBUG (7): <pre><pre class='xdebug-var-dump' dir='ltr'>
<b>array</b> <i>(size=3)</i>
  'module' <font color='#888a85'>=&gt;</font> <small>string</small> <font color='#cc0000'>'pokemons'</font> <i>(length=8)</i>
  'controller' <font color='#888a85'>=&gt;</font> <small>string</small> <font color='#cc0000'>'index'</font> <i>(length=5)</i>
  'action' <font color='#888a85'>=&gt;</font> <small>string</small> <font color='#cc0000'>'index'</font> <i>(length=5)</i>
</pre></pre>
2013-02-05T23:44:53+00:00 DEBUG (7): <pre><pre class='xdebug-var-dump' dir='ltr'>
<b>array</b> <i>(size=3)</i>
  'module' <font color='#888a85'>=&gt;</font> <small>string</small> <font color='#cc0000'>'pokemons'</font> <i>(length=8)</i>
  'controller' <font color='#888a85'>=&gt;</font> <small>string</small> <font color='#cc0000'>'index'</font> <i>(length=5)</i>
  'action' <font color='#888a85'>=&gt;</font> <small>string</small> <font color='#cc0000'>'index'</font> <i>(length=5)</i>
</pre></pre>
2013-02-06T00:29:25+00:00 DEBUG (7): <pre><pre class='xdebug-var-dump' dir='ltr'>
<b>array</b> <i>(size=3)</i>
  'module' <font color='#888a85'>=&gt;</font> <small>string</small> <font color='#cc0000'>'pokemons'</font> <i>(length=8)</i>
  'controller' <font color='#888a85'>=&gt;</font> <small>string</small> <font color='#cc0000'>'index'</font> <i>(length=5)</i>
  'action' <font color='#888a85'>=&gt;</font> <small>string</small> <font color='#cc0000'>'index'</font> <i>(length=5)</i>
</pre></pre>
2013-02-06T00:30:39+00:00 DEBUG (7): <pre><pre class='xdebug-var-dump' dir='ltr'>
<b>array</b> <i>(size=3)</i>
  'module' <font color='#888a85'>=&gt;</font> <small>string</small> <font color='#cc0000'>'pokemons'</font> <i>(length=8)</i>
  'controller' <font color='#888a85'>=&gt;</font> <small>string</small> <font color='#cc0000'>'index'</font> <i>(length=5)</i>
  'action' <font color='#888a85'>=&gt;</font> <small>string</small> <font color='#cc0000'>'index'</font> <i>(length=5)</i>
</pre></pre>
2013-02-06T00:30:55+00:00 DEBUG (7): <pre><pre class='xdebug-var-dump' dir='ltr'>
<b>array</b> <i>(size=3)</i>
  'module' <font color='#888a85'>=&gt;</font> <small>string</small> <font color='#cc0000'>'pokemons'</font> <i>(length=8)</i>
  'controller' <font color='#888a85'>=&gt;</font> <small>string</small> <font color='#cc0000'>'index'</font> <i>(length=5)</i>
  'action' <font color='#888a85'>=&gt;</font> <small>string</small> <font color='#cc0000'>'index'</font> <i>(length=5)</i>
</pre></pre>
2013-02-06T00:31:18+00:00 DEBUG (7): <pre><pre class='xdebug-var-dump' dir='ltr'>
<b>array</b> <i>(size=3)</i>
  'module' <font color='#888a85'>=&gt;</font> <small>string</small> <font color='#cc0000'>'pokemons'</font> <i>(length=8)</i>
  'controller' <font color='#888a85'>=&gt;</font> <small>string</small> <font color='#cc0000'>'index'</font> <i>(length=5)</i>
  'action' <font color='#888a85'>=&gt;</font> <small>string</small> <font color='#cc0000'>'index'</font> <i>(length=5)</i>
</pre></pre>
2013-02-06T00:31:43+00:00 DEBUG (7): <pre><pre class='xdebug-var-dump' dir='ltr'>
<b>array</b> <i>(size=3)</i>
  'module' <font color='#888a85'>=&gt;</font> <small>string</small> <font color='#cc0000'>'pokemons'</font> <i>(length=8)</i>
  'controller' <font color='#888a85'>=&gt;</font> <small>string</small> <font color='#cc0000'>'index'</font> <i>(length=5)</i>
  'action' <font color='#888a85'>=&gt;</font> <small>string</small> <font color='#cc0000'>'index'</font> <i>(length=5)</i>
</pre></pre>
2013-02-06T00:33:00+00:00 DEBUG (7): <pre><pre class='xdebug-var-dump' dir='ltr'>
<b>array</b> <i>(size=3)</i>
  'module' <font color='#888a85'>=&gt;</font> <small>string</small> <font color='#cc0000'>'pokemons'</font> <i>(length=8)</i>
  'controller' <font color='#888a85'>=&gt;</font> <small>string</small> <font color='#cc0000'>'index'</font> <i>(length=5)</i>
  'action' <font color='#888a85'>=&gt;</font> <small>string</small> <font color='#cc0000'>'index'</font> <i>(length=5)</i>
</pre></pre>
2013-02-06T00:36:40+00:00 DEBUG (7): <pre><pre class='xdebug-var-dump' dir='ltr'>
<b>array</b> <i>(size=3)</i>
  'module' <font color='#888a85'>=&gt;</font> <small>string</small> <font color='#cc0000'>'pokemons'</font> <i>(length=8)</i>
  'controller' <font color='#888a85'>=&gt;</font> <small>string</small> <font color='#cc0000'>'index'</font> <i>(length=5)</i>
  'action' <font color='#888a85'>=&gt;</font> <small>string</small> <font color='#cc0000'>'index'</font> <i>(length=5)</i>
</pre></pre>
2013-02-06T00:42:49+00:00 DEBUG (7): <pre><pre class='xdebug-var-dump' dir='ltr'>
<b>array</b> <i>(size=3)</i>
  'module' <font color='#888a85'>=&gt;</font> <small>string</small> <font color='#cc0000'>'pokemons'</font> <i>(length=8)</i>
  'controller' <font color='#888a85'>=&gt;</font> <small>string</small> <font color='#cc0000'>'index'</font> <i>(length=5)</i>
  'action' <font color='#888a85'>=&gt;</font> <small>string</small> <font color='#cc0000'>'index'</font> <i>(length=5)</i>
</pre></pre>
2013-02-06T00:43:00+00:00 DEBUG (7): <pre><pre class='xdebug-var-dump' dir='ltr'>
<b>array</b> <i>(size=3)</i>
  'module' <font color='#888a85'>=&gt;</font> <small>string</small> <font color='#cc0000'>'pokemons'</font> <i>(length=8)</i>
  'controller' <font color='#888a85'>=&gt;</font> <small>string</small> <font color='#cc0000'>'index'</font> <i>(length=5)</i>
  'action' <font color='#888a85'>=&gt;</font> <small>string</small> <font color='#cc0000'>'index'</font> <i>(length=5)</i>
</pre></pre>
2013-02-06T00:43:42+00:00 DEBUG (7): <pre><pre class='xdebug-var-dump' dir='ltr'>
<b>array</b> <i>(size=3)</i>
  'module' <font color='#888a85'>=&gt;</font> <small>string</small> <font color='#cc0000'>'pokemons'</font> <i>(length=8)</i>
  'controller' <font color='#888a85'>=&gt;</font> <small>string</small> <font color='#cc0000'>'index'</font> <i>(length=5)</i>
  'action' <font color='#888a85'>=&gt;</font> <small>string</small> <font color='#cc0000'>'index'</font> <i>(length=5)</i>
</pre></pre>
2013-02-06T20:07:25+00:00 DEBUG (7): <pre><pre class='xdebug-var-dump' dir='ltr'>
<b>array</b> <i>(size=3)</i>
  'module' <font color='#888a85'>=&gt;</font> <small>string</small> <font color='#cc0000'>'pokemons'</font> <i>(length=8)</i>
  'controller' <font color='#888a85'>=&gt;</font> <small>string</small> <font color='#cc0000'>'index'</font> <i>(length=5)</i>
  'action' <font color='#888a85'>=&gt;</font> <small>string</small> <font color='#cc0000'>'index'</font> <i>(length=5)</i>
</pre></pre>
2013-02-06T20:08:47+00:00 DEBUG (7): <pre><pre class='xdebug-var-dump' dir='ltr'>
<b>array</b> <i>(size=3)</i>
  'module' <font color='#888a85'>=&gt;</font> <small>string</small> <font color='#cc0000'>'pokemons'</font> <i>(length=8)</i>
  'controller' <font color='#888a85'>=&gt;</font> <small>string</small> <font color='#cc0000'>'index'</font> <i>(length=5)</i>
  'action' <font color='#888a85'>=&gt;</font> <small>string</small> <font color='#cc0000'>'index'</font> <i>(length=5)</i>
</pre></pre>
2013-02-06T20:09:02+00:00 DEBUG (7): <pre><pre class='xdebug-var-dump' dir='ltr'>
<b>array</b> <i>(size=3)</i>
  'module' <font color='#888a85'>=&gt;</font> <small>string</small> <font color='#cc0000'>'pokemons'</font> <i>(length=8)</i>
  'controller' <font color='#888a85'>=&gt;</font> <small>string</small> <font color='#cc0000'>'index'</font> <i>(length=5)</i>
  'action' <font color='#888a85'>=&gt;</font> <small>string</small> <font color='#cc0000'>'index'</font> <i>(length=5)</i>
</pre></pre>
2013-02-06T20:21:55+00:00 DEBUG (7): <pre>test <pre class='xdebug-var-dump' dir='ltr'>
<b>array</b> <i>(size=3)</i>
  'module' <font color='#888a85'>=&gt;</font> <small>string</small> <font color='#cc0000'>'pokemons'</font> <i>(length=8)</i>
  'controller' <font color='#888a85'>=&gt;</font> <small>string</small> <font color='#cc0000'>'index'</font> <i>(length=5)</i>
  'action' <font color='#888a85'>=&gt;</font> <small>string</small> <font color='#cc0000'>'index'</font> <i>(length=5)</i>
</pre></pre>
2013-02-06T20:22:18+00:00 DEBUG (7): <pre><pre class='xdebug-var-dump' dir='ltr'>
<b>array</b> <i>(size=3)</i>
  'module' <font color='#888a85'>=&gt;</font> <small>string</small> <font color='#cc0000'>'pokemons'</font> <i>(length=8)</i>
  'controller' <font color='#888a85'>=&gt;</font> <small>string</small> <font color='#cc0000'>'index'</font> <i>(length=5)</i>
  'action' <font color='#888a85'>=&gt;</font> <small>string</small> <font color='#cc0000'>'index'</font> <i>(length=5)</i>
</pre></pre>
2013-02-06T20:25:36+00:00 DEBUG (7): <pre><pre class='xdebug-var-dump' dir='ltr'>
<b>array</b> <i>(size=3)</i>
  'module' <font color='#888a85'>=&gt;</font> <small>string</small> <font color='#cc0000'>'pokemons'</font> <i>(length=8)</i>
  'controller' <font color='#888a85'>=&gt;</font> <small>string</small> <font color='#cc0000'>'index'</font> <i>(length=5)</i>
  'action' <font color='#888a85'>=&gt;</font> <small>string</small> <font color='#cc0000'>'index'</font> <i>(length=5)</i>
</pre></pre>
2013-02-06T20:25:59+00:00 DEBUG (7): <pre><pre class='xdebug-var-dump' dir='ltr'>
<b>array</b> <i>(size=3)</i>
  'module' <font color='#888a85'>=&gt;</font> <small>string</small> <font color='#cc0000'>'pokemons'</font> <i>(length=8)</i>
  'controller' <font color='#888a85'>=&gt;</font> <small>string</small> <font color='#cc0000'>'index'</font> <i>(length=5)</i>
  'action' <font color='#888a85'>=&gt;</font> <small>string</small> <font color='#cc0000'>'index'</font> <i>(length=5)</i>
</pre></pre>
2013-02-06T20:58:26+00:00 DEBUG (7): <pre><pre class='xdebug-var-dump' dir='ltr'>
<b>array</b> <i>(size=3)</i>
  'module' <font color='#888a85'>=&gt;</font> <small>string</small> <font color='#cc0000'>'pokemons'</font> <i>(length=8)</i>
  'controller' <font color='#888a85'>=&gt;</font> <small>string</small> <font color='#cc0000'>'index'</font> <i>(length=5)</i>
  'action' <font color='#888a85'>=&gt;</font> <small>string</small> <font color='#cc0000'>'index'</font> <i>(length=5)</i>
</pre></pre>
2013-02-06T20:59:08+00:00 DEBUG (7): <pre><pre class='xdebug-var-dump' dir='ltr'>
<b>array</b> <i>(size=3)</i>
  'module' <font color='#888a85'>=&gt;</font> <small>string</small> <font color='#cc0000'>'pokemons'</font> <i>(length=8)</i>
  'controller' <font color='#888a85'>=&gt;</font> <small>string</small> <font color='#cc0000'>'index'</font> <i>(length=5)</i>
  'action' <font color='#888a85'>=&gt;</font> <small>string</small> <font color='#cc0000'>'index'</font> <i>(length=5)</i>
</pre></pre>
2013-02-06T20:59:18+00:00 DEBUG (7): <pre><pre class='xdebug-var-dump' dir='ltr'>
<b>array</b> <i>(size=3)</i>
  'module' <font color='#888a85'>=&gt;</font> <small>string</small> <font color='#cc0000'>'pokemons'</font> <i>(length=8)</i>
  'controller' <font color='#888a85'>=&gt;</font> <small>string</small> <font color='#cc0000'>'index'</font> <i>(length=5)</i>
  'action' <font color='#888a85'>=&gt;</font> <small>string</small> <font color='#cc0000'>'index'</font> <i>(length=5)</i>
</pre></pre>
2013-02-06T21:00:03+00:00 DEBUG (7): <pre><pre class='xdebug-var-dump' dir='ltr'>
<b>array</b> <i>(size=3)</i>
  'module' <font color='#888a85'>=&gt;</font> <small>string</small> <font color='#cc0000'>'pokemons'</font> <i>(length=8)</i>
  'controller' <font color='#888a85'>=&gt;</font> <small>string</small> <font color='#cc0000'>'index'</font> <i>(length=5)</i>
  'action' <font color='#888a85'>=&gt;</font> <small>string</small> <font color='#cc0000'>'index'</font> <i>(length=5)</i>
</pre></pre>
2013-02-06T21:04:49+00:00 DEBUG (7): <pre><pre class='xdebug-var-dump' dir='ltr'>
<b>array</b> <i>(size=3)</i>
  'module' <font color='#888a85'>=&gt;</font> <small>string</small> <font color='#cc0000'>'pokemons'</font> <i>(length=8)</i>
  'controller' <font color='#888a85'>=&gt;</font> <small>string</small> <font color='#cc0000'>'index'</font> <i>(length=5)</i>
  'action' <font color='#888a85'>=&gt;</font> <small>string</small> <font color='#cc0000'>'index'</font> <i>(length=5)</i>
</pre></pre>
2013-02-06T21:05:04+00:00 DEBUG (7): <pre><pre class='xdebug-var-dump' dir='ltr'>
<b>array</b> <i>(size=3)</i>
  'module' <font color='#888a85'>=&gt;</font> <small>string</small> <font color='#cc0000'>'pokemons'</font> <i>(length=8)</i>
  'controller' <font color='#888a85'>=&gt;</font> <small>string</small> <font color='#cc0000'>'index'</font> <i>(length=5)</i>
  'action' <font color='#888a85'>=&gt;</font> <small>string</small> <font color='#cc0000'>'index'</font> <i>(length=5)</i>
</pre></pre>
2013-02-06T21:05:47+00:00 DEBUG (7): <pre><pre class='xdebug-var-dump' dir='ltr'>
<b>array</b> <i>(size=3)</i>
  'module' <font color='#888a85'>=&gt;</font> <small>string</small> <font color='#cc0000'>'pokemons'</font> <i>(length=8)</i>
  'controller' <font color='#888a85'>=&gt;</font> <small>string</small> <font color='#cc0000'>'index'</font> <i>(length=5)</i>
  'action' <font color='#888a85'>=&gt;</font> <small>string</small> <font color='#cc0000'>'index'</font> <i>(length=5)</i>
</pre></pre>
2013-02-06T21:06:28+00:00 DEBUG (7): <pre><pre class='xdebug-var-dump' dir='ltr'>
<b>array</b> <i>(size=3)</i>
  'module' <font color='#888a85'>=&gt;</font> <small>string</small> <font color='#cc0000'>'pokemons'</font> <i>(length=8)</i>
  'controller' <font color='#888a85'>=&gt;</font> <small>string</small> <font color='#cc0000'>'index'</font> <i>(length=5)</i>
  'action' <font color='#888a85'>=&gt;</font> <small>string</small> <font color='#cc0000'>'index'</font> <i>(length=5)</i>
</pre></pre>
2013-02-06T21:06:49+00:00 DEBUG (7): <pre><pre class='xdebug-var-dump' dir='ltr'>
<b>array</b> <i>(size=3)</i>
  'module' <font color='#888a85'>=&gt;</font> <small>string</small> <font color='#cc0000'>'pokemons'</font> <i>(length=8)</i>
  'controller' <font color='#888a85'>=&gt;</font> <small>string</small> <font color='#cc0000'>'index'</font> <i>(length=5)</i>
  'action' <font color='#888a85'>=&gt;</font> <small>string</small> <font color='#cc0000'>'index'</font> <i>(length=5)</i>
</pre></pre>
2013-02-06T21:07:14+00:00 DEBUG (7): <pre><pre class='xdebug-var-dump' dir='ltr'>
<b>array</b> <i>(size=3)</i>
  'module' <font color='#888a85'>=&gt;</font> <small>string</small> <font color='#cc0000'>'pokemons'</font> <i>(length=8)</i>
  'controller' <font color='#888a85'>=&gt;</font> <small>string</small> <font color='#cc0000'>'index'</font> <i>(length=5)</i>
  'action' <font color='#888a85'>=&gt;</font> <small>string</small> <font color='#cc0000'>'index'</font> <i>(length=5)</i>
</pre></pre>
2013-02-06T21:07:44+00:00 DEBUG (7): <pre><pre class='xdebug-var-dump' dir='ltr'>
<b>array</b> <i>(size=3)</i>
  'module' <font color='#888a85'>=&gt;</font> <small>string</small> <font color='#cc0000'>'pokemons'</font> <i>(length=8)</i>
  'controller' <font color='#888a85'>=&gt;</font> <small>string</small> <font color='#cc0000'>'index'</font> <i>(length=5)</i>
  'action' <font color='#888a85'>=&gt;</font> <small>string</small> <font color='#cc0000'>'index'</font> <i>(length=5)</i>
</pre></pre>
2013-02-06T21:09:04+00:00 DEBUG (7): <pre><pre class='xdebug-var-dump' dir='ltr'>
<b>array</b> <i>(size=3)</i>
  'module' <font color='#888a85'>=&gt;</font> <small>string</small> <font color='#cc0000'>'pokemons'</font> <i>(length=8)</i>
  'controller' <font color='#888a85'>=&gt;</font> <small>string</small> <font color='#cc0000'>'index'</font> <i>(length=5)</i>
  'action' <font color='#888a85'>=&gt;</font> <small>string</small> <font color='#cc0000'>'index'</font> <i>(length=5)</i>
</pre></pre>
2013-02-06T21:13:25+00:00 DEBUG (7): <pre><pre class='xdebug-var-dump' dir='ltr'>
<b>array</b> <i>(size=3)</i>
  'module' <font color='#888a85'>=&gt;</font> <small>string</small> <font color='#cc0000'>'pokemons'</font> <i>(length=8)</i>
  'controller' <font color='#888a85'>=&gt;</font> <small>string</small> <font color='#cc0000'>'index'</font> <i>(length=5)</i>
  'action' <font color='#888a85'>=&gt;</font> <small>string</small> <font color='#cc0000'>'index'</font> <i>(length=5)</i>
</pre></pre>
2013-02-06T21:14:59+00:00 DEBUG (7): <pre><pre class='xdebug-var-dump' dir='ltr'>
<b>array</b> <i>(size=3)</i>
  'module' <font color='#888a85'>=&gt;</font> <small>string</small> <font color='#cc0000'>'pokemons'</font> <i>(length=8)</i>
  'controller' <font color='#888a85'>=&gt;</font> <small>string</small> <font color='#cc0000'>'index'</font> <i>(length=5)</i>
  'action' <font color='#888a85'>=&gt;</font> <small>string</small> <font color='#cc0000'>'index'</font> <i>(length=5)</i>
</pre></pre>
2013-02-06T21:16:02+00:00 DEBUG (7): <pre><pre class='xdebug-var-dump' dir='ltr'>
<b>array</b> <i>(size=3)</i>
  'module' <font color='#888a85'>=&gt;</font> <small>string</small> <font color='#cc0000'>'pokemons'</font> <i>(length=8)</i>
  'controller' <font color='#888a85'>=&gt;</font> <small>string</small> <font color='#cc0000'>'index'</font> <i>(length=5)</i>
  'action' <font color='#888a85'>=&gt;</font> <small>string</small> <font color='#cc0000'>'index'</font> <i>(length=5)</i>
</pre></pre>
2013-02-06T21:16:18+00:00 DEBUG (7): <pre><pre class='xdebug-var-dump' dir='ltr'>
<b>array</b> <i>(size=3)</i>
  'module' <font color='#888a85'>=&gt;</font> <small>string</small> <font color='#cc0000'>'pokemons'</font> <i>(length=8)</i>
  'controller' <font color='#888a85'>=&gt;</font> <small>string</small> <font color='#cc0000'>'index'</font> <i>(length=5)</i>
  'action' <font color='#888a85'>=&gt;</font> <small>string</small> <font color='#cc0000'>'index'</font> <i>(length=5)</i>
</pre></pre>
2013-02-06T21:16:39+00:00 DEBUG (7): <pre><pre class='xdebug-var-dump' dir='ltr'>
<b>array</b> <i>(size=3)</i>
  'module' <font color='#888a85'>=&gt;</font> <small>string</small> <font color='#cc0000'>'pokemons'</font> <i>(length=8)</i>
  'controller' <font color='#888a85'>=&gt;</font> <small>string</small> <font color='#cc0000'>'index'</font> <i>(length=5)</i>
  'action' <font color='#888a85'>=&gt;</font> <small>string</small> <font color='#cc0000'>'index'</font> <i>(length=5)</i>
</pre></pre>
2013-02-06T21:18:57+00:00 DEBUG (7): <pre><pre class='xdebug-var-dump' dir='ltr'>
<b>array</b> <i>(size=3)</i>
  'module' <font color='#888a85'>=&gt;</font> <small>string</small> <font color='#cc0000'>'pokemons'</font> <i>(length=8)</i>
  'controller' <font color='#888a85'>=&gt;</font> <small>string</small> <font color='#cc0000'>'index'</font> <i>(length=5)</i>
  'action' <font color='#888a85'>=&gt;</font> <small>string</small> <font color='#cc0000'>'index'</font> <i>(length=5)</i>
</pre></pre>
2013-02-06T21:19:16+00:00 DEBUG (7): <pre><pre class='xdebug-var-dump' dir='ltr'>
<b>array</b> <i>(size=3)</i>
  'module' <font color='#888a85'>=&gt;</font> <small>string</small> <font color='#cc0000'>'pokemons'</font> <i>(length=8)</i>
  'controller' <font color='#888a85'>=&gt;</font> <small>string</small> <font color='#cc0000'>'index'</font> <i>(length=5)</i>
  'action' <font color='#888a85'>=&gt;</font> <small>string</small> <font color='#cc0000'>'index'</font> <i>(length=5)</i>
</pre></pre>
2013-02-06T21:19:19+00:00 DEBUG (7): <pre><pre class='xdebug-var-dump' dir='ltr'>
<b>array</b> <i>(size=3)</i>
  'module' <font color='#888a85'>=&gt;</font> <small>string</small> <font color='#cc0000'>'pokemons'</font> <i>(length=8)</i>
  'controller' <font color='#888a85'>=&gt;</font> <small>string</small> <font color='#cc0000'>'index'</font> <i>(length=5)</i>
  'action' <font color='#888a85'>=&gt;</font> <small>string</small> <font color='#cc0000'>'index'</font> <i>(length=5)</i>
</pre></pre>
2013-02-06T21:26:41+00:00 DEBUG (7): <pre><pre class='xdebug-var-dump' dir='ltr'>
<b>array</b> <i>(size=3)</i>
  'module' <font color='#888a85'>=&gt;</font> <small>string</small> <font color='#cc0000'>'pokemons'</font> <i>(length=8)</i>
  'controller' <font color='#888a85'>=&gt;</font> <small>string</small> <font color='#cc0000'>'index'</font> <i>(length=5)</i>
  'action' <font color='#888a85'>=&gt;</font> <small>string</small> <font color='#cc0000'>'index'</font> <i>(length=5)</i>
</pre></pre>
2013-02-06T21:26:44+00:00 DEBUG (7): <pre><pre class='xdebug-var-dump' dir='ltr'>
<b>array</b> <i>(size=3)</i>
  'module' <font color='#888a85'>=&gt;</font> <small>string</small> <font color='#cc0000'>'pokemons'</font> <i>(length=8)</i>
  'controller' <font color='#888a85'>=&gt;</font> <small>string</small> <font color='#cc0000'>'index'</font> <i>(length=5)</i>
  'action' <font color='#888a85'>=&gt;</font> <small>string</small> <font color='#cc0000'>'index'</font> <i>(length=5)</i>
</pre></pre>
2013-02-06T21:26:46+00:00 DEBUG (7): <pre><pre class='xdebug-var-dump' dir='ltr'>
<b>array</b> <i>(size=3)</i>
  'module' <font color='#888a85'>=&gt;</font> <small>string</small> <font color='#cc0000'>'pokemons'</font> <i>(length=8)</i>
  'controller' <font color='#888a85'>=&gt;</font> <small>string</small> <font color='#cc0000'>'index'</font> <i>(length=5)</i>
  'action' <font color='#888a85'>=&gt;</font> <small>string</small> <font color='#cc0000'>'index'</font> <i>(length=5)</i>
</pre></pre>
2013-02-06T21:26:49+00:00 DEBUG (7): <pre><pre class='xdebug-var-dump' dir='ltr'>
<b>array</b> <i>(size=3)</i>
  'module' <font color='#888a85'>=&gt;</font> <small>string</small> <font color='#cc0000'>'pokemons'</font> <i>(length=8)</i>
  'controller' <font color='#888a85'>=&gt;</font> <small>string</small> <font color='#cc0000'>'index'</font> <i>(length=5)</i>
  'action' <font color='#888a85'>=&gt;</font> <small>string</small> <font color='#cc0000'>'index'</font> <i>(length=5)</i>
</pre></pre>
2013-02-06T21:26:51+00:00 DEBUG (7): <pre><pre class='xdebug-var-dump' dir='ltr'>
<b>array</b> <i>(size=3)</i>
  'module' <font color='#888a85'>=&gt;</font> <small>string</small> <font color='#cc0000'>'pokemons'</font> <i>(length=8)</i>
  'controller' <font color='#888a85'>=&gt;</font> <small>string</small> <font color='#cc0000'>'index'</font> <i>(length=5)</i>
  'action' <font color='#888a85'>=&gt;</font> <small>string</small> <font color='#cc0000'>'index'</font> <i>(length=5)</i>
</pre></pre>
2013-02-06T21:27:22+00:00 DEBUG (7): <pre><pre class='xdebug-var-dump' dir='ltr'>
<b>array</b> <i>(size=3)</i>
  'module' <font color='#888a85'>=&gt;</font> <small>string</small> <font color='#cc0000'>'pokemons'</font> <i>(length=8)</i>
  'controller' <font color='#888a85'>=&gt;</font> <small>string</small> <font color='#cc0000'>'index'</font> <i>(length=5)</i>
  'action' <font color='#888a85'>=&gt;</font> <small>string</small> <font color='#cc0000'>'index'</font> <i>(length=5)</i>
</pre></pre>
2013-02-06T21:28:01+00:00 DEBUG (7): <pre><pre class='xdebug-var-dump' dir='ltr'>
<b>array</b> <i>(size=3)</i>
  'module' <font color='#888a85'>=&gt;</font> <small>string</small> <font color='#cc0000'>'pokemons'</font> <i>(length=8)</i>
  'controller' <font color='#888a85'>=&gt;</font> <small>string</small> <font color='#cc0000'>'index'</font> <i>(length=5)</i>
  'action' <font color='#888a85'>=&gt;</font> <small>string</small> <font color='#cc0000'>'index'</font> <i>(length=5)</i>
</pre></pre>
2013-02-06T21:36:11+00:00 DEBUG (7): <pre><pre class='xdebug-var-dump' dir='ltr'>
<b>array</b> <i>(size=3)</i>
  'module' <font color='#888a85'>=&gt;</font> <small>string</small> <font color='#cc0000'>'pokemons'</font> <i>(length=8)</i>
  'controller' <font color='#888a85'>=&gt;</font> <small>string</small> <font color='#cc0000'>'index'</font> <i>(length=5)</i>
  'action' <font color='#888a85'>=&gt;</font> <small>string</small> <font color='#cc0000'>'index'</font> <i>(length=5)</i>
</pre></pre>
2013-02-06T21:36:15+00:00 DEBUG (7): <pre><pre class='xdebug-var-dump' dir='ltr'>
<b>array</b> <i>(size=3)</i>
  'module' <font color='#888a85'>=&gt;</font> <small>string</small> <font color='#cc0000'>'pokemons'</font> <i>(length=8)</i>
  'controller' <font color='#888a85'>=&gt;</font> <small>string</small> <font color='#cc0000'>'index'</font> <i>(length=5)</i>
  'action' <font color='#888a85'>=&gt;</font> <small>string</small> <font color='#cc0000'>'index'</font> <i>(length=5)</i>
</pre></pre>
2013-02-06T21:36:18+00:00 DEBUG (7): <pre><pre class='xdebug-var-dump' dir='ltr'>
<b>array</b> <i>(size=3)</i>
  'module' <font color='#888a85'>=&gt;</font> <small>string</small> <font color='#cc0000'>'pokemons'</font> <i>(length=8)</i>
  'controller' <font color='#888a85'>=&gt;</font> <small>string</small> <font color='#cc0000'>'index'</font> <i>(length=5)</i>
  'action' <font color='#888a85'>=&gt;</font> <small>string</small> <font color='#cc0000'>'index'</font> <i>(length=5)</i>
</pre></pre>
2013-02-06T21:36:57+00:00 DEBUG (7): <pre><pre class='xdebug-var-dump' dir='ltr'>
<b>array</b> <i>(size=3)</i>
  'module' <font color='#888a85'>=&gt;</font> <small>string</small> <font color='#cc0000'>'pokemons'</font> <i>(length=8)</i>
  'controller' <font color='#888a85'>=&gt;</font> <small>string</small> <font color='#cc0000'>'index'</font> <i>(length=5)</i>
  'action' <font color='#888a85'>=&gt;</font> <small>string</small> <font color='#cc0000'>'index'</font> <i>(length=5)</i>
</pre></pre>
2013-02-06T21:37:48+00:00 DEBUG (7): <pre><pre class='xdebug-var-dump' dir='ltr'>
<b>array</b> <i>(size=3)</i>
  'module' <font color='#888a85'>=&gt;</font> <small>string</small> <font color='#cc0000'>'pokemons'</font> <i>(length=8)</i>
  'controller' <font color='#888a85'>=&gt;</font> <small>string</small> <font color='#cc0000'>'index'</font> <i>(length=5)</i>
  'action' <font color='#888a85'>=&gt;</font> <small>string</small> <font color='#cc0000'>'index'</font> <i>(length=5)</i>
</pre></pre>
2013-02-06T21:43:51+00:00 DEBUG (7): <pre><pre class='xdebug-var-dump' dir='ltr'>
<b>array</b> <i>(size=3)</i>
  'module' <font color='#888a85'>=&gt;</font> <small>string</small> <font color='#cc0000'>'pokemons'</font> <i>(length=8)</i>
  'controller' <font color='#888a85'>=&gt;</font> <small>string</small> <font color='#cc0000'>'index'</font> <i>(length=5)</i>
  'action' <font color='#888a85'>=&gt;</font> <small>string</small> <font color='#cc0000'>'index'</font> <i>(length=5)</i>
</pre></pre>
2013-02-06T21:46:28+00:00 DEBUG (7): <pre><pre class='xdebug-var-dump' dir='ltr'>
<b>array</b> <i>(size=3)</i>
  'module' <font color='#888a85'>=&gt;</font> <small>string</small> <font color='#cc0000'>'pokemons'</font> <i>(length=8)</i>
  'controller' <font color='#888a85'>=&gt;</font> <small>string</small> <font color='#cc0000'>'index'</font> <i>(length=5)</i>
  'action' <font color='#888a85'>=&gt;</font> <small>string</small> <font color='#cc0000'>'index'</font> <i>(length=5)</i>
</pre></pre>
2013-02-06T21:46:53+00:00 DEBUG (7): <pre><pre class='xdebug-var-dump' dir='ltr'>
<b>array</b> <i>(size=3)</i>
  'module' <font color='#888a85'>=&gt;</font> <small>string</small> <font color='#cc0000'>'pokemons'</font> <i>(length=8)</i>
  'controller' <font color='#888a85'>=&gt;</font> <small>string</small> <font color='#cc0000'>'index'</font> <i>(length=5)</i>
  'action' <font color='#888a85'>=&gt;</font> <small>string</small> <font color='#cc0000'>'index'</font> <i>(length=5)</i>
</pre></pre>
2013-02-06T21:46:54+00:00 DEBUG (7): <pre><pre class='xdebug-var-dump' dir='ltr'>
<b>array</b> <i>(size=3)</i>
  'module' <font color='#888a85'>=&gt;</font> <small>string</small> <font color='#cc0000'>'pokemons'</font> <i>(length=8)</i>
  'controller' <font color='#888a85'>=&gt;</font> <small>string</small> <font color='#cc0000'>'index'</font> <i>(length=5)</i>
  'action' <font color='#888a85'>=&gt;</font> <small>string</small> <font color='#cc0000'>'index'</font> <i>(length=5)</i>
</pre></pre>
2013-02-06T21:46:55+00:00 DEBUG (7): <pre><pre class='xdebug-var-dump' dir='ltr'>
<b>array</b> <i>(size=3)</i>
  'module' <font color='#888a85'>=&gt;</font> <small>string</small> <font color='#cc0000'>'pokemons'</font> <i>(length=8)</i>
  'controller' <font color='#888a85'>=&gt;</font> <small>string</small> <font color='#cc0000'>'index'</font> <i>(length=5)</i>
  'action' <font color='#888a85'>=&gt;</font> <small>string</small> <font color='#cc0000'>'index'</font> <i>(length=5)</i>
</pre></pre>
2013-02-06T21:46:56+00:00 DEBUG (7): <pre><pre class='xdebug-var-dump' dir='ltr'>
<b>array</b> <i>(size=3)</i>
  'module' <font color='#888a85'>=&gt;</font> <small>string</small> <font color='#cc0000'>'pokemons'</font> <i>(length=8)</i>
  'controller' <font color='#888a85'>=&gt;</font> <small>string</small> <font color='#cc0000'>'index'</font> <i>(length=5)</i>
  'action' <font color='#888a85'>=&gt;</font> <small>string</small> <font color='#cc0000'>'index'</font> <i>(length=5)</i>
</pre></pre>
2013-02-06T21:46:56+00:00 DEBUG (7): <pre><pre class='xdebug-var-dump' dir='ltr'>
<b>array</b> <i>(size=3)</i>
  'module' <font color='#888a85'>=&gt;</font> <small>string</small> <font color='#cc0000'>'pokemons'</font> <i>(length=8)</i>
  'controller' <font color='#888a85'>=&gt;</font> <small>string</small> <font color='#cc0000'>'index'</font> <i>(length=5)</i>
  'action' <font color='#888a85'>=&gt;</font> <small>string</small> <font color='#cc0000'>'index'</font> <i>(length=5)</i>
</pre></pre>
2013-02-06T21:46:57+00:00 DEBUG (7): <pre><pre class='xdebug-var-dump' dir='ltr'>
<b>array</b> <i>(size=3)</i>
  'module' <font color='#888a85'>=&gt;</font> <small>string</small> <font color='#cc0000'>'pokemons'</font> <i>(length=8)</i>
  'controller' <font color='#888a85'>=&gt;</font> <small>string</small> <font color='#cc0000'>'index'</font> <i>(length=5)</i>
  'action' <font color='#888a85'>=&gt;</font> <small>string</small> <font color='#cc0000'>'index'</font> <i>(length=5)</i>
</pre></pre>
2013-02-06T21:46:58+00:00 DEBUG (7): <pre><pre class='xdebug-var-dump' dir='ltr'>
<b>array</b> <i>(size=3)</i>
  'module' <font color='#888a85'>=&gt;</font> <small>string</small> <font color='#cc0000'>'pokemons'</font> <i>(length=8)</i>
  'controller' <font color='#888a85'>=&gt;</font> <small>string</small> <font color='#cc0000'>'index'</font> <i>(length=5)</i>
  'action' <font color='#888a85'>=&gt;</font> <small>string</small> <font color='#cc0000'>'index'</font> <i>(length=5)</i>
</pre></pre>
2013-02-06T21:46:58+00:00 DEBUG (7): <pre><pre class='xdebug-var-dump' dir='ltr'>
<b>array</b> <i>(size=3)</i>
  'module' <font color='#888a85'>=&gt;</font> <small>string</small> <font color='#cc0000'>'pokemons'</font> <i>(length=8)</i>
  'controller' <font color='#888a85'>=&gt;</font> <small>string</small> <font color='#cc0000'>'index'</font> <i>(length=5)</i>
  'action' <font color='#888a85'>=&gt;</font> <small>string</small> <font color='#cc0000'>'index'</font> <i>(length=5)</i>
</pre></pre>
2013-02-06T21:46:59+00:00 DEBUG (7): <pre><pre class='xdebug-var-dump' dir='ltr'>
<b>array</b> <i>(size=3)</i>
  'module' <font color='#888a85'>=&gt;</font> <small>string</small> <font color='#cc0000'>'pokemons'</font> <i>(length=8)</i>
  'controller' <font color='#888a85'>=&gt;</font> <small>string</small> <font color='#cc0000'>'index'</font> <i>(length=5)</i>
  'action' <font color='#888a85'>=&gt;</font> <small>string</small> <font color='#cc0000'>'index'</font> <i>(length=5)</i>
</pre></pre>
2013-02-06T21:46:59+00:00 DEBUG (7): <pre><pre class='xdebug-var-dump' dir='ltr'>
<b>array</b> <i>(size=3)</i>
  'module' <font color='#888a85'>=&gt;</font> <small>string</small> <font color='#cc0000'>'pokemons'</font> <i>(length=8)</i>
  'controller' <font color='#888a85'>=&gt;</font> <small>string</small> <font color='#cc0000'>'index'</font> <i>(length=5)</i>
  'action' <font color='#888a85'>=&gt;</font> <small>string</small> <font color='#cc0000'>'index'</font> <i>(length=5)</i>
</pre></pre>
2013-02-06T21:46:59+00:00 DEBUG (7): <pre><pre class='xdebug-var-dump' dir='ltr'>
<b>array</b> <i>(size=3)</i>
  'module' <font color='#888a85'>=&gt;</font> <small>string</small> <font color='#cc0000'>'pokemons'</font> <i>(length=8)</i>
  'controller' <font color='#888a85'>=&gt;</font> <small>string</small> <font color='#cc0000'>'index'</font> <i>(length=5)</i>
  'action' <font color='#888a85'>=&gt;</font> <small>string</small> <font color='#cc0000'>'index'</font> <i>(length=5)</i>
</pre></pre>
2013-02-06T21:47:00+00:00 DEBUG (7): <pre><pre class='xdebug-var-dump' dir='ltr'>
<b>array</b> <i>(size=3)</i>
  'module' <font color='#888a85'>=&gt;</font> <small>string</small> <font color='#cc0000'>'pokemons'</font> <i>(length=8)</i>
  'controller' <font color='#888a85'>=&gt;</font> <small>string</small> <font color='#cc0000'>'index'</font> <i>(length=5)</i>
  'action' <font color='#888a85'>=&gt;</font> <small>string</small> <font color='#cc0000'>'index'</font> <i>(length=5)</i>
</pre></pre>
2013-02-06T21:47:00+00:00 DEBUG (7): <pre><pre class='xdebug-var-dump' dir='ltr'>
<b>array</b> <i>(size=3)</i>
  'module' <font color='#888a85'>=&gt;</font> <small>string</small> <font color='#cc0000'>'pokemons'</font> <i>(length=8)</i>
  'controller' <font color='#888a85'>=&gt;</font> <small>string</small> <font color='#cc0000'>'index'</font> <i>(length=5)</i>
  'action' <font color='#888a85'>=&gt;</font> <small>string</small> <font color='#cc0000'>'index'</font> <i>(length=5)</i>
</pre></pre>
2013-02-06T21:47:01+00:00 DEBUG (7): <pre><pre class='xdebug-var-dump' dir='ltr'>
<b>array</b> <i>(size=3)</i>
  'module' <font color='#888a85'>=&gt;</font> <small>string</small> <font color='#cc0000'>'pokemons'</font> <i>(length=8)</i>
  'controller' <font color='#888a85'>=&gt;</font> <small>string</small> <font color='#cc0000'>'index'</font> <i>(length=5)</i>
  'action' <font color='#888a85'>=&gt;</font> <small>string</small> <font color='#cc0000'>'index'</font> <i>(length=5)</i>
</pre></pre>
2013-02-06T21:47:21+00:00 DEBUG (7): <pre><pre class='xdebug-var-dump' dir='ltr'>
<b>array</b> <i>(size=3)</i>
  'module' <font color='#888a85'>=&gt;</font> <small>string</small> <font color='#cc0000'>'pokemons'</font> <i>(length=8)</i>
  'controller' <font color='#888a85'>=&gt;</font> <small>string</small> <font color='#cc0000'>'index'</font> <i>(length=5)</i>
  'action' <font color='#888a85'>=&gt;</font> <small>string</small> <font color='#cc0000'>'index'</font> <i>(length=5)</i>
</pre></pre>
2013-02-06T21:47:23+00:00 DEBUG (7): <pre><pre class='xdebug-var-dump' dir='ltr'>
<b>array</b> <i>(size=3)</i>
  'module' <font color='#888a85'>=&gt;</font> <small>string</small> <font color='#cc0000'>'pokemons'</font> <i>(length=8)</i>
  'controller' <font color='#888a85'>=&gt;</font> <small>string</small> <font color='#cc0000'>'index'</font> <i>(length=5)</i>
  'action' <font color='#888a85'>=&gt;</font> <small>string</small> <font color='#cc0000'>'index'</font> <i>(length=5)</i>
</pre></pre>
2013-02-06T21:47:26+00:00 DEBUG (7): <pre><pre class='xdebug-var-dump' dir='ltr'>
<b>array</b> <i>(size=3)</i>
  'module' <font color='#888a85'>=&gt;</font> <small>string</small> <font color='#cc0000'>'pokemons'</font> <i>(length=8)</i>
  'controller' <font color='#888a85'>=&gt;</font> <small>string</small> <font color='#cc0000'>'index'</font> <i>(length=5)</i>
  'action' <font color='#888a85'>=&gt;</font> <small>string</small> <font color='#cc0000'>'index'</font> <i>(length=5)</i>
</pre></pre>
2013-02-06T21:47:58+00:00 DEBUG (7): <pre><pre class='xdebug-var-dump' dir='ltr'>
<b>array</b> <i>(size=3)</i>
  'module' <font color='#888a85'>=&gt;</font> <small>string</small> <font color='#cc0000'>'pokemons'</font> <i>(length=8)</i>
  'controller' <font color='#888a85'>=&gt;</font> <small>string</small> <font color='#cc0000'>'index'</font> <i>(length=5)</i>
  'action' <font color='#888a85'>=&gt;</font> <small>string</small> <font color='#cc0000'>'index'</font> <i>(length=5)</i>
</pre></pre>
2013-02-06T21:48:12+00:00 DEBUG (7): <pre><pre class='xdebug-var-dump' dir='ltr'>
<b>array</b> <i>(size=3)</i>
  'module' <font color='#888a85'>=&gt;</font> <small>string</small> <font color='#cc0000'>'pokemons'</font> <i>(length=8)</i>
  'controller' <font color='#888a85'>=&gt;</font> <small>string</small> <font color='#cc0000'>'index'</font> <i>(length=5)</i>
  'action' <font color='#888a85'>=&gt;</font> <small>string</small> <font color='#cc0000'>'index'</font> <i>(length=5)</i>
</pre></pre>
2013-02-06T21:52:20+00:00 DEBUG (7): <pre><pre class='xdebug-var-dump' dir='ltr'>
<b>array</b> <i>(size=3)</i>
  'module' <font color='#888a85'>=&gt;</font> <small>string</small> <font color='#cc0000'>'pokemons'</font> <i>(length=8)</i>
  'controller' <font color='#888a85'>=&gt;</font> <small>string</small> <font color='#cc0000'>'index'</font> <i>(length=5)</i>
  'action' <font color='#888a85'>=&gt;</font> <small>string</small> <font color='#cc0000'>'index'</font> <i>(length=5)</i>
</pre></pre>
2013-02-06T21:52:27+00:00 DEBUG (7): <pre><pre class='xdebug-var-dump' dir='ltr'>
<b>array</b> <i>(size=3)</i>
  'module' <font color='#888a85'>=&gt;</font> <small>string</small> <font color='#cc0000'>'pokemons'</font> <i>(length=8)</i>
  'controller' <font color='#888a85'>=&gt;</font> <small>string</small> <font color='#cc0000'>'index'</font> <i>(length=5)</i>
  'action' <font color='#888a85'>=&gt;</font> <small>string</small> <font color='#cc0000'>'index'</font> <i>(length=5)</i>
</pre></pre>
2013-02-06T21:52:29+00:00 DEBUG (7): <pre><pre class='xdebug-var-dump' dir='ltr'>
<b>array</b> <i>(size=3)</i>
  'module' <font color='#888a85'>=&gt;</font> <small>string</small> <font color='#cc0000'>'pokemons'</font> <i>(length=8)</i>
  'controller' <font color='#888a85'>=&gt;</font> <small>string</small> <font color='#cc0000'>'index'</font> <i>(length=5)</i>
  'action' <font color='#888a85'>=&gt;</font> <small>string</small> <font color='#cc0000'>'index'</font> <i>(length=5)</i>
</pre></pre>
2013-02-06T21:52:31+00:00 DEBUG (7): <pre><pre class='xdebug-var-dump' dir='ltr'>
<b>array</b> <i>(size=3)</i>
  'module' <font color='#888a85'>=&gt;</font> <small>string</small> <font color='#cc0000'>'pokemons'</font> <i>(length=8)</i>
  'controller' <font color='#888a85'>=&gt;</font> <small>string</small> <font color='#cc0000'>'index'</font> <i>(length=5)</i>
  'action' <font color='#888a85'>=&gt;</font> <small>string</small> <font color='#cc0000'>'index'</font> <i>(length=5)</i>
</pre></pre>
2013-02-06T21:52:34+00:00 DEBUG (7): <pre><pre class='xdebug-var-dump' dir='ltr'>
<b>array</b> <i>(size=3)</i>
  'module' <font color='#888a85'>=&gt;</font> <small>string</small> <font color='#cc0000'>'pokemons'</font> <i>(length=8)</i>
  'controller' <font color='#888a85'>=&gt;</font> <small>string</small> <font color='#cc0000'>'index'</font> <i>(length=5)</i>
  'action' <font color='#888a85'>=&gt;</font> <small>string</small> <font color='#cc0000'>'index'</font> <i>(length=5)</i>
</pre></pre>
2013-02-06T21:59:54+00:00 DEBUG (7): <pre><pre class='xdebug-var-dump' dir='ltr'>
<b>array</b> <i>(size=3)</i>
  'module' <font color='#888a85'>=&gt;</font> <small>string</small> <font color='#cc0000'>'pokemons'</font> <i>(length=8)</i>
  'controller' <font color='#888a85'>=&gt;</font> <small>string</small> <font color='#cc0000'>'index'</font> <i>(length=5)</i>
  'action' <font color='#888a85'>=&gt;</font> <small>string</small> <font color='#cc0000'>'index'</font> <i>(length=5)</i>
</pre></pre>
2013-02-06T22:00:02+00:00 DEBUG (7): <pre><pre class='xdebug-var-dump' dir='ltr'>
<b>array</b> <i>(size=3)</i>
  'module' <font color='#888a85'>=&gt;</font> <small>string</small> <font color='#cc0000'>'pokemons'</font> <i>(length=8)</i>
  'controller' <font color='#888a85'>=&gt;</font> <small>string</small> <font color='#cc0000'>'index'</font> <i>(length=5)</i>
  'action' <font color='#888a85'>=&gt;</font> <small>string</small> <font color='#cc0000'>'index'</font> <i>(length=5)</i>
</pre></pre>
2013-02-06T22:00:07+00:00 DEBUG (7): <pre><pre class='xdebug-var-dump' dir='ltr'>
<b>array</b> <i>(size=3)</i>
  'module' <font color='#888a85'>=&gt;</font> <small>string</small> <font color='#cc0000'>'pokemons'</font> <i>(length=8)</i>
  'controller' <font color='#888a85'>=&gt;</font> <small>string</small> <font color='#cc0000'>'index'</font> <i>(length=5)</i>
  'action' <font color='#888a85'>=&gt;</font> <small>string</small> <font color='#cc0000'>'index'</font> <i>(length=5)</i>
</pre></pre>
2013-02-06T22:00:44+00:00 DEBUG (7): <pre><pre class='xdebug-var-dump' dir='ltr'>
<b>array</b> <i>(size=3)</i>
  'module' <font color='#888a85'>=&gt;</font> <small>string</small> <font color='#cc0000'>'pokemons'</font> <i>(length=8)</i>
  'controller' <font color='#888a85'>=&gt;</font> <small>string</small> <font color='#cc0000'>'index'</font> <i>(length=5)</i>
  'action' <font color='#888a85'>=&gt;</font> <small>string</small> <font color='#cc0000'>'index'</font> <i>(length=5)</i>
</pre></pre>
2013-02-06T22:00:46+00:00 DEBUG (7): <pre><pre class='xdebug-var-dump' dir='ltr'>
<b>array</b> <i>(size=3)</i>
  'module' <font color='#888a85'>=&gt;</font> <small>string</small> <font color='#cc0000'>'pokemons'</font> <i>(length=8)</i>
  'controller' <font color='#888a85'>=&gt;</font> <small>string</small> <font color='#cc0000'>'index'</font> <i>(length=5)</i>
  'action' <font color='#888a85'>=&gt;</font> <small>string</small> <font color='#cc0000'>'index'</font> <i>(length=5)</i>
</pre></pre>
2013-02-06T22:00:47+00:00 DEBUG (7): <pre><pre class='xdebug-var-dump' dir='ltr'>
<b>array</b> <i>(size=3)</i>
  'module' <font color='#888a85'>=&gt;</font> <small>string</small> <font color='#cc0000'>'pokemons'</font> <i>(length=8)</i>
  'controller' <font color='#888a85'>=&gt;</font> <small>string</small> <font color='#cc0000'>'index'</font> <i>(length=5)</i>
  'action' <font color='#888a85'>=&gt;</font> <small>string</small> <font color='#cc0000'>'index'</font> <i>(length=5)</i>
</pre></pre>
2013-02-06T22:00:47+00:00 DEBUG (7): <pre><pre class='xdebug-var-dump' dir='ltr'>
<b>array</b> <i>(size=3)</i>
  'module' <font color='#888a85'>=&gt;</font> <small>string</small> <font color='#cc0000'>'pokemons'</font> <i>(length=8)</i>
  'controller' <font color='#888a85'>=&gt;</font> <small>string</small> <font color='#cc0000'>'index'</font> <i>(length=5)</i>
  'action' <font color='#888a85'>=&gt;</font> <small>string</small> <font color='#cc0000'>'index'</font> <i>(length=5)</i>
</pre></pre>
2013-02-06T22:00:47+00:00 DEBUG (7): <pre><pre class='xdebug-var-dump' dir='ltr'>
<b>array</b> <i>(size=3)</i>
  'module' <font color='#888a85'>=&gt;</font> <small>string</small> <font color='#cc0000'>'pokemons'</font> <i>(length=8)</i>
  'controller' <font color='#888a85'>=&gt;</font> <small>string</small> <font color='#cc0000'>'index'</font> <i>(length=5)</i>
  'action' <font color='#888a85'>=&gt;</font> <small>string</small> <font color='#cc0000'>'index'</font> <i>(length=5)</i>
</pre></pre>
2013-02-06T22:00:51+00:00 DEBUG (7): <pre><pre class='xdebug-var-dump' dir='ltr'>
<b>array</b> <i>(size=3)</i>
  'module' <font color='#888a85'>=&gt;</font> <small>string</small> <font color='#cc0000'>'pokemons'</font> <i>(length=8)</i>
  'controller' <font color='#888a85'>=&gt;</font> <small>string</small> <font color='#cc0000'>'index'</font> <i>(length=5)</i>
  'action' <font color='#888a85'>=&gt;</font> <small>string</small> <font color='#cc0000'>'index'</font> <i>(length=5)</i>
</pre></pre>
2013-02-06T22:00:53+00:00 DEBUG (7): <pre><pre class='xdebug-var-dump' dir='ltr'>
<b>array</b> <i>(size=3)</i>
  'module' <font color='#888a85'>=&gt;</font> <small>string</small> <font color='#cc0000'>'pokemons'</font> <i>(length=8)</i>
  'controller' <font color='#888a85'>=&gt;</font> <small>string</small> <font color='#cc0000'>'index'</font> <i>(length=5)</i>
  'action' <font color='#888a85'>=&gt;</font> <small>string</small> <font color='#cc0000'>'index'</font> <i>(length=5)</i>
</pre></pre>
2013-02-06T22:03:41+00:00 DEBUG (7): <pre><pre class='xdebug-var-dump' dir='ltr'>
<b>array</b> <i>(size=3)</i>
  'module' <font color='#888a85'>=&gt;</font> <small>string</small> <font color='#cc0000'>'pokemons'</font> <i>(length=8)</i>
  'controller' <font color='#888a85'>=&gt;</font> <small>string</small> <font color='#cc0000'>'index'</font> <i>(length=5)</i>
  'action' <font color='#888a85'>=&gt;</font> <small>string</small> <font color='#cc0000'>'index'</font> <i>(length=5)</i>
</pre></pre>
2013-02-06T22:19:26+00:00 DEBUG (7): <pre><pre class='xdebug-var-dump' dir='ltr'>
<b>array</b> <i>(size=3)</i>
  'module' <font color='#888a85'>=&gt;</font> <small>string</small> <font color='#cc0000'>'pokemons'</font> <i>(length=8)</i>
  'controller' <font color='#888a85'>=&gt;</font> <small>string</small> <font color='#cc0000'>'index'</font> <i>(length=5)</i>
  'action' <font color='#888a85'>=&gt;</font> <small>string</small> <font color='#cc0000'>'index'</font> <i>(length=5)</i>
</pre></pre>
2013-02-06T22:19:30+00:00 DEBUG (7): <pre><pre class='xdebug-var-dump' dir='ltr'>
<b>array</b> <i>(size=3)</i>
  'module' <font color='#888a85'>=&gt;</font> <small>string</small> <font color='#cc0000'>'pokemons'</font> <i>(length=8)</i>
  'controller' <font color='#888a85'>=&gt;</font> <small>string</small> <font color='#cc0000'>'index'</font> <i>(length=5)</i>
  'action' <font color='#888a85'>=&gt;</font> <small>string</small> <font color='#cc0000'>'index'</font> <i>(length=5)</i>
</pre></pre>
2013-02-06T22:19:34+00:00 DEBUG (7): <pre><pre class='xdebug-var-dump' dir='ltr'>
<b>array</b> <i>(size=3)</i>
  'module' <font color='#888a85'>=&gt;</font> <small>string</small> <font color='#cc0000'>'pokemons'</font> <i>(length=8)</i>
  'controller' <font color='#888a85'>=&gt;</font> <small>string</small> <font color='#cc0000'>'index'</font> <i>(length=5)</i>
  'action' <font color='#888a85'>=&gt;</font> <small>string</small> <font color='#cc0000'>'index'</font> <i>(length=5)</i>
</pre></pre>
2013-02-06T22:20:38+00:00 DEBUG (7): <pre><pre class='xdebug-var-dump' dir='ltr'>
<b>array</b> <i>(size=3)</i>
  'module' <font color='#888a85'>=&gt;</font> <small>string</small> <font color='#cc0000'>'pokemons'</font> <i>(length=8)</i>
  'controller' <font color='#888a85'>=&gt;</font> <small>string</small> <font color='#cc0000'>'index'</font> <i>(length=5)</i>
  'action' <font color='#888a85'>=&gt;</font> <small>string</small> <font color='#cc0000'>'index'</font> <i>(length=5)</i>
</pre></pre>
2013-02-06T22:20:41+00:00 DEBUG (7): <pre><pre class='xdebug-var-dump' dir='ltr'>
<b>array</b> <i>(size=3)</i>
  'module' <font color='#888a85'>=&gt;</font> <small>string</small> <font color='#cc0000'>'pokemons'</font> <i>(length=8)</i>
  'controller' <font color='#888a85'>=&gt;</font> <small>string</small> <font color='#cc0000'>'index'</font> <i>(length=5)</i>
  'action' <font color='#888a85'>=&gt;</font> <small>string</small> <font color='#cc0000'>'index'</font> <i>(length=5)</i>
</pre></pre>
2013-02-06T22:20:43+00:00 DEBUG (7): <pre><pre class='xdebug-var-dump' dir='ltr'>
<b>array</b> <i>(size=3)</i>
  'module' <font color='#888a85'>=&gt;</font> <small>string</small> <font color='#cc0000'>'pokemons'</font> <i>(length=8)</i>
  'controller' <font color='#888a85'>=&gt;</font> <small>string</small> <font color='#cc0000'>'index'</font> <i>(length=5)</i>
  'action' <font color='#888a85'>=&gt;</font> <small>string</small> <font color='#cc0000'>'index'</font> <i>(length=5)</i>
</pre></pre>
2013-02-06T22:21:26+00:00 DEBUG (7): <pre><pre class='xdebug-var-dump' dir='ltr'>
<b>array</b> <i>(size=3)</i>
  'module' <font color='#888a85'>=&gt;</font> <small>string</small> <font color='#cc0000'>'pokemons'</font> <i>(length=8)</i>
  'controller' <font color='#888a85'>=&gt;</font> <small>string</small> <font color='#cc0000'>'index'</font> <i>(length=5)</i>
  'action' <font color='#888a85'>=&gt;</font> <small>string</small> <font color='#cc0000'>'index'</font> <i>(length=5)</i>
</pre></pre>
2013-02-06T22:21:34+00:00 DEBUG (7): <pre><pre class='xdebug-var-dump' dir='ltr'>
<b>array</b> <i>(size=3)</i>
  'module' <font color='#888a85'>=&gt;</font> <small>string</small> <font color='#cc0000'>'pokemons'</font> <i>(length=8)</i>
  'controller' <font color='#888a85'>=&gt;</font> <small>string</small> <font color='#cc0000'>'index'</font> <i>(length=5)</i>
  'action' <font color='#888a85'>=&gt;</font> <small>string</small> <font color='#cc0000'>'index'</font> <i>(length=5)</i>
</pre></pre>
2013-02-06T22:21:36+00:00 DEBUG (7): <pre><pre class='xdebug-var-dump' dir='ltr'>
<b>array</b> <i>(size=3)</i>
  'module' <font color='#888a85'>=&gt;</font> <small>string</small> <font color='#cc0000'>'pokemons'</font> <i>(length=8)</i>
  'controller' <font color='#888a85'>=&gt;</font> <small>string</small> <font color='#cc0000'>'index'</font> <i>(length=5)</i>
  'action' <font color='#888a85'>=&gt;</font> <small>string</small> <font color='#cc0000'>'index'</font> <i>(length=5)</i>
</pre></pre>
2013-02-06T22:21:39+00:00 DEBUG (7): <pre><pre class='xdebug-var-dump' dir='ltr'>
<b>array</b> <i>(size=3)</i>
  'module' <font color='#888a85'>=&gt;</font> <small>string</small> <font color='#cc0000'>'pokemons'</font> <i>(length=8)</i>
  'controller' <font color='#888a85'>=&gt;</font> <small>string</small> <font color='#cc0000'>'index'</font> <i>(length=5)</i>
  'action' <font color='#888a85'>=&gt;</font> <small>string</small> <font color='#cc0000'>'index'</font> <i>(length=5)</i>
</pre></pre>
2013-02-06T22:21:39+00:00 DEBUG (7): <pre><pre class='xdebug-var-dump' dir='ltr'>
<b>array</b> <i>(size=3)</i>
  'module' <font color='#888a85'>=&gt;</font> <small>string</small> <font color='#cc0000'>'pokemons'</font> <i>(length=8)</i>
  'controller' <font color='#888a85'>=&gt;</font> <small>string</small> <font color='#cc0000'>'index'</font> <i>(length=5)</i>
  'action' <font color='#888a85'>=&gt;</font> <small>string</small> <font color='#cc0000'>'index'</font> <i>(length=5)</i>
</pre></pre>
2013-02-06T22:21:39+00:00 DEBUG (7): <pre><pre class='xdebug-var-dump' dir='ltr'>
<b>array</b> <i>(size=3)</i>
  'module' <font color='#888a85'>=&gt;</font> <small>string</small> <font color='#cc0000'>'pokemons'</font> <i>(length=8)</i>
  'controller' <font color='#888a85'>=&gt;</font> <small>string</small> <font color='#cc0000'>'index'</font> <i>(length=5)</i>
  'action' <font color='#888a85'>=&gt;</font> <small>string</small> <font color='#cc0000'>'index'</font> <i>(length=5)</i>
</pre></pre>
2013-02-06T22:21:39+00:00 DEBUG (7): <pre><pre class='xdebug-var-dump' dir='ltr'>
<b>array</b> <i>(size=3)</i>
  'module' <font color='#888a85'>=&gt;</font> <small>string</small> <font color='#cc0000'>'pokemons'</font> <i>(length=8)</i>
  'controller' <font color='#888a85'>=&gt;</font> <small>string</small> <font color='#cc0000'>'index'</font> <i>(length=5)</i>
  'action' <font color='#888a85'>=&gt;</font> <small>string</small> <font color='#cc0000'>'index'</font> <i>(length=5)</i>
</pre></pre>
2013-02-06T22:21:44+00:00 DEBUG (7): <pre><pre class='xdebug-var-dump' dir='ltr'>
<b>array</b> <i>(size=3)</i>
  'module' <font color='#888a85'>=&gt;</font> <small>string</small> <font color='#cc0000'>'pokemons'</font> <i>(length=8)</i>
  'controller' <font color='#888a85'>=&gt;</font> <small>string</small> <font color='#cc0000'>'index'</font> <i>(length=5)</i>
  'action' <font color='#888a85'>=&gt;</font> <small>string</small> <font color='#cc0000'>'index'</font> <i>(length=5)</i>
</pre></pre>
2013-02-06T22:21:51+00:00 DEBUG (7): <pre><pre class='xdebug-var-dump' dir='ltr'>
<b>array</b> <i>(size=3)</i>
  'module' <font color='#888a85'>=&gt;</font> <small>string</small> <font color='#cc0000'>'pokemons'</font> <i>(length=8)</i>
  'controller' <font color='#888a85'>=&gt;</font> <small>string</small> <font color='#cc0000'>'index'</font> <i>(length=5)</i>
  'action' <font color='#888a85'>=&gt;</font> <small>string</small> <font color='#cc0000'>'index'</font> <i>(length=5)</i>
</pre></pre>
2013-02-06T22:22:10+00:00 DEBUG (7): <pre><pre class='xdebug-var-dump' dir='ltr'>
<b>array</b> <i>(size=3)</i>
  'module' <font color='#888a85'>=&gt;</font> <small>string</small> <font color='#cc0000'>'pokemons'</font> <i>(length=8)</i>
  'controller' <font color='#888a85'>=&gt;</font> <small>string</small> <font color='#cc0000'>'index'</font> <i>(length=5)</i>
  'action' <font color='#888a85'>=&gt;</font> <small>string</small> <font color='#cc0000'>'index'</font> <i>(length=5)</i>
</pre></pre>
2013-02-06T22:22:13+00:00 DEBUG (7): <pre><pre class='xdebug-var-dump' dir='ltr'>
<b>array</b> <i>(size=3)</i>
  'module' <font color='#888a85'>=&gt;</font> <small>string</small> <font color='#cc0000'>'pokemons'</font> <i>(length=8)</i>
  'controller' <font color='#888a85'>=&gt;</font> <small>string</small> <font color='#cc0000'>'index'</font> <i>(length=5)</i>
  'action' <font color='#888a85'>=&gt;</font> <small>string</small> <font color='#cc0000'>'index'</font> <i>(length=5)</i>
</pre></pre>
2013-02-06T22:22:16+00:00 DEBUG (7): <pre><pre class='xdebug-var-dump' dir='ltr'>
<b>array</b> <i>(size=3)</i>
  'module' <font color='#888a85'>=&gt;</font> <small>string</small> <font color='#cc0000'>'pokemons'</font> <i>(length=8)</i>
  'controller' <font color='#888a85'>=&gt;</font> <small>string</small> <font color='#cc0000'>'index'</font> <i>(length=5)</i>
  'action' <font color='#888a85'>=&gt;</font> <small>string</small> <font color='#cc0000'>'index'</font> <i>(length=5)</i>
</pre></pre>
2013-02-06T22:22:18+00:00 DEBUG (7): <pre><pre class='xdebug-var-dump' dir='ltr'>
<b>array</b> <i>(size=3)</i>
  'module' <font color='#888a85'>=&gt;</font> <small>string</small> <font color='#cc0000'>'pokemons'</font> <i>(length=8)</i>
  'controller' <font color='#888a85'>=&gt;</font> <small>string</small> <font color='#cc0000'>'index'</font> <i>(length=5)</i>
  'action' <font color='#888a85'>=&gt;</font> <small>string</small> <font color='#cc0000'>'index'</font> <i>(length=5)</i>
</pre></pre>
2013-02-06T22:22:20+00:00 DEBUG (7): <pre><pre class='xdebug-var-dump' dir='ltr'>
<b>array</b> <i>(size=3)</i>
  'module' <font color='#888a85'>=&gt;</font> <small>string</small> <font color='#cc0000'>'pokemons'</font> <i>(length=8)</i>
  'controller' <font color='#888a85'>=&gt;</font> <small>string</small> <font color='#cc0000'>'index'</font> <i>(length=5)</i>
  'action' <font color='#888a85'>=&gt;</font> <small>string</small> <font color='#cc0000'>'index'</font> <i>(length=5)</i>
</pre></pre>
2013-02-06T22:22:21+00:00 DEBUG (7): <pre><pre class='xdebug-var-dump' dir='ltr'>
<b>array</b> <i>(size=3)</i>
  'module' <font color='#888a85'>=&gt;</font> <small>string</small> <font color='#cc0000'>'pokemons'</font> <i>(length=8)</i>
  'controller' <font color='#888a85'>=&gt;</font> <small>string</small> <font color='#cc0000'>'index'</font> <i>(length=5)</i>
  'action' <font color='#888a85'>=&gt;</font> <small>string</small> <font color='#cc0000'>'index'</font> <i>(length=5)</i>
</pre></pre>
2013-02-06T22:22:22+00:00 DEBUG (7): <pre><pre class='xdebug-var-dump' dir='ltr'>
<b>array</b> <i>(size=3)</i>
  'module' <font color='#888a85'>=&gt;</font> <small>string</small> <font color='#cc0000'>'pokemons'</font> <i>(length=8)</i>
  'controller' <font color='#888a85'>=&gt;</font> <small>string</small> <font color='#cc0000'>'index'</font> <i>(length=5)</i>
  'action' <font color='#888a85'>=&gt;</font> <small>string</small> <font color='#cc0000'>'index'</font> <i>(length=5)</i>
</pre></pre>
2013-02-06T22:22:22+00:00 DEBUG (7): <pre><pre class='xdebug-var-dump' dir='ltr'>
<b>array</b> <i>(size=3)</i>
  'module' <font color='#888a85'>=&gt;</font> <small>string</small> <font color='#cc0000'>'pokemons'</font> <i>(length=8)</i>
  'controller' <font color='#888a85'>=&gt;</font> <small>string</small> <font color='#cc0000'>'index'</font> <i>(length=5)</i>
  'action' <font color='#888a85'>=&gt;</font> <small>string</small> <font color='#cc0000'>'index'</font> <i>(length=5)</i>
</pre></pre>
2013-02-06T22:22:22+00:00 DEBUG (7): <pre><pre class='xdebug-var-dump' dir='ltr'>
<b>array</b> <i>(size=3)</i>
  'module' <font color='#888a85'>=&gt;</font> <small>string</small> <font color='#cc0000'>'pokemons'</font> <i>(length=8)</i>
  'controller' <font color='#888a85'>=&gt;</font> <small>string</small> <font color='#cc0000'>'index'</font> <i>(length=5)</i>
  'action' <font color='#888a85'>=&gt;</font> <small>string</small> <font color='#cc0000'>'index'</font> <i>(length=5)</i>
</pre></pre>
2013-02-06T22:22:22+00:00 DEBUG (7): <pre><pre class='xdebug-var-dump' dir='ltr'>
<b>array</b> <i>(size=3)</i>
  'module' <font color='#888a85'>=&gt;</font> <small>string</small> <font color='#cc0000'>'pokemons'</font> <i>(length=8)</i>
  'controller' <font color='#888a85'>=&gt;</font> <small>string</small> <font color='#cc0000'>'index'</font> <i>(length=5)</i>
  'action' <font color='#888a85'>=&gt;</font> <small>string</small> <font color='#cc0000'>'index'</font> <i>(length=5)</i>
</pre></pre>
2013-02-06T22:22:23+00:00 DEBUG (7): <pre><pre class='xdebug-var-dump' dir='ltr'>
<b>array</b> <i>(size=3)</i>
  'module' <font color='#888a85'>=&gt;</font> <small>string</small> <font color='#cc0000'>'pokemons'</font> <i>(length=8)</i>
  'controller' <font color='#888a85'>=&gt;</font> <small>string</small> <font color='#cc0000'>'index'</font> <i>(length=5)</i>
  'action' <font color='#888a85'>=&gt;</font> <small>string</small> <font color='#cc0000'>'index'</font> <i>(length=5)</i>
</pre></pre>
2013-02-06T22:22:50+00:00 DEBUG (7): <pre><pre class='xdebug-var-dump' dir='ltr'>
<b>array</b> <i>(size=3)</i>
  'module' <font color='#888a85'>=&gt;</font> <small>string</small> <font color='#cc0000'>'pokemons'</font> <i>(length=8)</i>
  'controller' <font color='#888a85'>=&gt;</font> <small>string</small> <font color='#cc0000'>'index'</font> <i>(length=5)</i>
  'action' <font color='#888a85'>=&gt;</font> <small>string</small> <font color='#cc0000'>'index'</font> <i>(length=5)</i>
</pre></pre>
2013-02-06T22:22:53+00:00 DEBUG (7): <pre><pre class='xdebug-var-dump' dir='ltr'>
<b>array</b> <i>(size=3)</i>
  'module' <font color='#888a85'>=&gt;</font> <small>string</small> <font color='#cc0000'>'pokemons'</font> <i>(length=8)</i>
  'controller' <font color='#888a85'>=&gt;</font> <small>string</small> <font color='#cc0000'>'index'</font> <i>(length=5)</i>
  'action' <font color='#888a85'>=&gt;</font> <small>string</small> <font color='#cc0000'>'index'</font> <i>(length=5)</i>
</pre></pre>
2013-02-06T22:22:54+00:00 DEBUG (7): <pre><pre class='xdebug-var-dump' dir='ltr'>
<b>array</b> <i>(size=3)</i>
  'module' <font color='#888a85'>=&gt;</font> <small>string</small> <font color='#cc0000'>'pokemons'</font> <i>(length=8)</i>
  'controller' <font color='#888a85'>=&gt;</font> <small>string</small> <font color='#cc0000'>'index'</font> <i>(length=5)</i>
  'action' <font color='#888a85'>=&gt;</font> <small>string</small> <font color='#cc0000'>'index'</font> <i>(length=5)</i>
</pre></pre>
2013-02-06T22:22:55+00:00 DEBUG (7): <pre><pre class='xdebug-var-dump' dir='ltr'>
<b>array</b> <i>(size=3)</i>
  'module' <font color='#888a85'>=&gt;</font> <small>string</small> <font color='#cc0000'>'pokemons'</font> <i>(length=8)</i>
  'controller' <font color='#888a85'>=&gt;</font> <small>string</small> <font color='#cc0000'>'index'</font> <i>(length=5)</i>
  'action' <font color='#888a85'>=&gt;</font> <small>string</small> <font color='#cc0000'>'index'</font> <i>(length=5)</i>
</pre></pre>
2013-02-06T22:22:55+00:00 DEBUG (7): <pre><pre class='xdebug-var-dump' dir='ltr'>
<b>array</b> <i>(size=3)</i>
  'module' <font color='#888a85'>=&gt;</font> <small>string</small> <font color='#cc0000'>'pokemons'</font> <i>(length=8)</i>
  'controller' <font color='#888a85'>=&gt;</font> <small>string</small> <font color='#cc0000'>'index'</font> <i>(length=5)</i>
  'action' <font color='#888a85'>=&gt;</font> <small>string</small> <font color='#cc0000'>'index'</font> <i>(length=5)</i>
</pre></pre>
2013-02-06T22:22:55+00:00 DEBUG (7): <pre><pre class='xdebug-var-dump' dir='ltr'>
<b>array</b> <i>(size=3)</i>
  'module' <font color='#888a85'>=&gt;</font> <small>string</small> <font color='#cc0000'>'pokemons'</font> <i>(length=8)</i>
  'controller' <font color='#888a85'>=&gt;</font> <small>string</small> <font color='#cc0000'>'index'</font> <i>(length=5)</i>
  'action' <font color='#888a85'>=&gt;</font> <small>string</small> <font color='#cc0000'>'index'</font> <i>(length=5)</i>
</pre></pre>
2013-02-06T22:24:16+00:00 DEBUG (7): <pre><pre class='xdebug-var-dump' dir='ltr'>
<b>array</b> <i>(size=3)</i>
  'module' <font color='#888a85'>=&gt;</font> <small>string</small> <font color='#cc0000'>'pokemons'</font> <i>(length=8)</i>
  'controller' <font color='#888a85'>=&gt;</font> <small>string</small> <font color='#cc0000'>'index'</font> <i>(length=5)</i>
  'action' <font color='#888a85'>=&gt;</font> <small>string</small> <font color='#cc0000'>'index'</font> <i>(length=5)</i>
</pre></pre>
2013-02-06T22:24:17+00:00 DEBUG (7): <pre><pre class='xdebug-var-dump' dir='ltr'>
<b>array</b> <i>(size=3)</i>
  'module' <font color='#888a85'>=&gt;</font> <small>string</small> <font color='#cc0000'>'pokemons'</font> <i>(length=8)</i>
  'controller' <font color='#888a85'>=&gt;</font> <small>string</small> <font color='#cc0000'>'index'</font> <i>(length=5)</i>
  'action' <font color='#888a85'>=&gt;</font> <small>string</small> <font color='#cc0000'>'index'</font> <i>(length=5)</i>
</pre></pre>
2013-02-06T22:24:18+00:00 DEBUG (7): <pre><pre class='xdebug-var-dump' dir='ltr'>
<b>array</b> <i>(size=3)</i>
  'module' <font color='#888a85'>=&gt;</font> <small>string</small> <font color='#cc0000'>'pokemons'</font> <i>(length=8)</i>
  'controller' <font color='#888a85'>=&gt;</font> <small>string</small> <font color='#cc0000'>'index'</font> <i>(length=5)</i>
  'action' <font color='#888a85'>=&gt;</font> <small>string</small> <font color='#cc0000'>'index'</font> <i>(length=5)</i>
</pre></pre>
2013-02-06T22:24:18+00:00 DEBUG (7): <pre><pre class='xdebug-var-dump' dir='ltr'>
<b>array</b> <i>(size=3)</i>
  'module' <font color='#888a85'>=&gt;</font> <small>string</small> <font color='#cc0000'>'pokemons'</font> <i>(length=8)</i>
  'controller' <font color='#888a85'>=&gt;</font> <small>string</small> <font color='#cc0000'>'index'</font> <i>(length=5)</i>
  'action' <font color='#888a85'>=&gt;</font> <small>string</small> <font color='#cc0000'>'index'</font> <i>(length=5)</i>
</pre></pre>
2013-02-06T22:24:18+00:00 DEBUG (7): <pre><pre class='xdebug-var-dump' dir='ltr'>
<b>array</b> <i>(size=3)</i>
  'module' <font color='#888a85'>=&gt;</font> <small>string</small> <font color='#cc0000'>'pokemons'</font> <i>(length=8)</i>
  'controller' <font color='#888a85'>=&gt;</font> <small>string</small> <font color='#cc0000'>'index'</font> <i>(length=5)</i>
  'action' <font color='#888a85'>=&gt;</font> <small>string</small> <font color='#cc0000'>'index'</font> <i>(length=5)</i>
</pre></pre>
2013-02-06T22:24:21+00:00 DEBUG (7): <pre><pre class='xdebug-var-dump' dir='ltr'>
<b>array</b> <i>(size=3)</i>
  'module' <font color='#888a85'>=&gt;</font> <small>string</small> <font color='#cc0000'>'pokemons'</font> <i>(length=8)</i>
  'controller' <font color='#888a85'>=&gt;</font> <small>string</small> <font color='#cc0000'>'index'</font> <i>(length=5)</i>
  'action' <font color='#888a85'>=&gt;</font> <small>string</small> <font color='#cc0000'>'index'</font> <i>(length=5)</i>
</pre></pre>
2013-02-06T22:25:05+00:00 DEBUG (7): <pre><pre class='xdebug-var-dump' dir='ltr'>
<b>array</b> <i>(size=3)</i>
  'module' <font color='#888a85'>=&gt;</font> <small>string</small> <font color='#cc0000'>'pokemons'</font> <i>(length=8)</i>
  'controller' <font color='#888a85'>=&gt;</font> <small>string</small> <font color='#cc0000'>'index'</font> <i>(length=5)</i>
  'action' <font color='#888a85'>=&gt;</font> <small>string</small> <font color='#cc0000'>'index'</font> <i>(length=5)</i>
</pre></pre>
2013-02-06T22:25:23+00:00 DEBUG (7): <pre><pre class='xdebug-var-dump' dir='ltr'>
<b>array</b> <i>(size=3)</i>
  'module' <font color='#888a85'>=&gt;</font> <small>string</small> <font color='#cc0000'>'pokemons'</font> <i>(length=8)</i>
  'controller' <font color='#888a85'>=&gt;</font> <small>string</small> <font color='#cc0000'>'index'</font> <i>(length=5)</i>
  'action' <font color='#888a85'>=&gt;</font> <small>string</small> <font color='#cc0000'>'index'</font> <i>(length=5)</i>
</pre></pre>
2013-02-06T22:25:43+00:00 DEBUG (7): <pre><pre class='xdebug-var-dump' dir='ltr'>
<b>array</b> <i>(size=3)</i>
  'module' <font color='#888a85'>=&gt;</font> <small>string</small> <font color='#cc0000'>'pokemons'</font> <i>(length=8)</i>
  'controller' <font color='#888a85'>=&gt;</font> <small>string</small> <font color='#cc0000'>'index'</font> <i>(length=5)</i>
  'action' <font color='#888a85'>=&gt;</font> <small>string</small> <font color='#cc0000'>'index'</font> <i>(length=5)</i>
</pre></pre>
2013-02-06T22:26:55+00:00 DEBUG (7): <pre><pre class='xdebug-var-dump' dir='ltr'>
<b>array</b> <i>(size=3)</i>
  'module' <font color='#888a85'>=&gt;</font> <small>string</small> <font color='#cc0000'>'pokemons'</font> <i>(length=8)</i>
  'controller' <font color='#888a85'>=&gt;</font> <small>string</small> <font color='#cc0000'>'index'</font> <i>(length=5)</i>
  'action' <font color='#888a85'>=&gt;</font> <small>string</small> <font color='#cc0000'>'index'</font> <i>(length=5)</i>
</pre></pre>
2013-02-06T22:27:26+00:00 DEBUG (7): <pre><pre class='xdebug-var-dump' dir='ltr'>
<b>array</b> <i>(size=3)</i>
  'module' <font color='#888a85'>=&gt;</font> <small>string</small> <font color='#cc0000'>'pokemons'</font> <i>(length=8)</i>
  'controller' <font color='#888a85'>=&gt;</font> <small>string</small> <font color='#cc0000'>'index'</font> <i>(length=5)</i>
  'action' <font color='#888a85'>=&gt;</font> <small>string</small> <font color='#cc0000'>'index'</font> <i>(length=5)</i>
</pre></pre>
2013-02-06T22:29:23+00:00 DEBUG (7): <pre><pre class='xdebug-var-dump' dir='ltr'>
<b>array</b> <i>(size=3)</i>
  'module' <font color='#888a85'>=&gt;</font> <small>string</small> <font color='#cc0000'>'pokemons'</font> <i>(length=8)</i>
  'controller' <font color='#888a85'>=&gt;</font> <small>string</small> <font color='#cc0000'>'index'</font> <i>(length=5)</i>
  'action' <font color='#888a85'>=&gt;</font> <small>string</small> <font color='#cc0000'>'index'</font> <i>(length=5)</i>
</pre></pre>
2013-02-06T22:29:25+00:00 DEBUG (7): <pre><pre class='xdebug-var-dump' dir='ltr'>
<b>array</b> <i>(size=3)</i>
  'module' <font color='#888a85'>=&gt;</font> <small>string</small> <font color='#cc0000'>'pokemons'</font> <i>(length=8)</i>
  'controller' <font color='#888a85'>=&gt;</font> <small>string</small> <font color='#cc0000'>'index'</font> <i>(length=5)</i>
  'action' <font color='#888a85'>=&gt;</font> <small>string</small> <font color='#cc0000'>'index'</font> <i>(length=5)</i>
</pre></pre>
2013-02-06T22:29:27+00:00 DEBUG (7): <pre><pre class='xdebug-var-dump' dir='ltr'>
<b>array</b> <i>(size=3)</i>
  'module' <font color='#888a85'>=&gt;</font> <small>string</small> <font color='#cc0000'>'pokemons'</font> <i>(length=8)</i>
  'controller' <font color='#888a85'>=&gt;</font> <small>string</small> <font color='#cc0000'>'index'</font> <i>(length=5)</i>
  'action' <font color='#888a85'>=&gt;</font> <small>string</small> <font color='#cc0000'>'index'</font> <i>(length=5)</i>
</pre></pre>
2013-02-06T22:29:28+00:00 DEBUG (7): <pre><pre class='xdebug-var-dump' dir='ltr'>
<b>array</b> <i>(size=3)</i>
  'module' <font color='#888a85'>=&gt;</font> <small>string</small> <font color='#cc0000'>'pokemons'</font> <i>(length=8)</i>
  'controller' <font color='#888a85'>=&gt;</font> <small>string</small> <font color='#cc0000'>'index'</font> <i>(length=5)</i>
  'action' <font color='#888a85'>=&gt;</font> <small>string</small> <font color='#cc0000'>'index'</font> <i>(length=5)</i>
</pre></pre>
2013-02-06T22:29:29+00:00 DEBUG (7): <pre><pre class='xdebug-var-dump' dir='ltr'>
<b>array</b> <i>(size=3)</i>
  'module' <font color='#888a85'>=&gt;</font> <small>string</small> <font color='#cc0000'>'pokemons'</font> <i>(length=8)</i>
  'controller' <font color='#888a85'>=&gt;</font> <small>string</small> <font color='#cc0000'>'index'</font> <i>(length=5)</i>
  'action' <font color='#888a85'>=&gt;</font> <small>string</small> <font color='#cc0000'>'index'</font> <i>(length=5)</i>
</pre></pre>
2013-02-06T22:29:29+00:00 DEBUG (7): <pre><pre class='xdebug-var-dump' dir='ltr'>
<b>array</b> <i>(size=3)</i>
  'module' <font color='#888a85'>=&gt;</font> <small>string</small> <font color='#cc0000'>'pokemons'</font> <i>(length=8)</i>
  'controller' <font color='#888a85'>=&gt;</font> <small>string</small> <font color='#cc0000'>'index'</font> <i>(length=5)</i>
  'action' <font color='#888a85'>=&gt;</font> <small>string</small> <font color='#cc0000'>'index'</font> <i>(length=5)</i>
</pre></pre>
2013-02-06T22:29:29+00:00 DEBUG (7): <pre><pre class='xdebug-var-dump' dir='ltr'>
<b>array</b> <i>(size=3)</i>
  'module' <font color='#888a85'>=&gt;</font> <small>string</small> <font color='#cc0000'>'pokemons'</font> <i>(length=8)</i>
  'controller' <font color='#888a85'>=&gt;</font> <small>string</small> <font color='#cc0000'>'index'</font> <i>(length=5)</i>
  'action' <font color='#888a85'>=&gt;</font> <small>string</small> <font color='#cc0000'>'index'</font> <i>(length=5)</i>
</pre></pre>
2013-02-06T22:29:29+00:00 DEBUG (7): <pre><pre class='xdebug-var-dump' dir='ltr'>
<b>array</b> <i>(size=3)</i>
  'module' <font color='#888a85'>=&gt;</font> <small>string</small> <font color='#cc0000'>'pokemons'</font> <i>(length=8)</i>
  'controller' <font color='#888a85'>=&gt;</font> <small>string</small> <font color='#cc0000'>'index'</font> <i>(length=5)</i>
  'action' <font color='#888a85'>=&gt;</font> <small>string</small> <font color='#cc0000'>'index'</font> <i>(length=5)</i>
</pre></pre>
2013-02-06T22:29:29+00:00 DEBUG (7): <pre><pre class='xdebug-var-dump' dir='ltr'>
<b>array</b> <i>(size=3)</i>
  'module' <font color='#888a85'>=&gt;</font> <small>string</small> <font color='#cc0000'>'pokemons'</font> <i>(length=8)</i>
  'controller' <font color='#888a85'>=&gt;</font> <small>string</small> <font color='#cc0000'>'index'</font> <i>(length=5)</i>
  'action' <font color='#888a85'>=&gt;</font> <small>string</small> <font color='#cc0000'>'index'</font> <i>(length=5)</i>
</pre></pre>
2013-02-06T22:29:30+00:00 DEBUG (7): <pre><pre class='xdebug-var-dump' dir='ltr'>
<b>array</b> <i>(size=3)</i>
  'module' <font color='#888a85'>=&gt;</font> <small>string</small> <font color='#cc0000'>'pokemons'</font> <i>(length=8)</i>
  'controller' <font color='#888a85'>=&gt;</font> <small>string</small> <font color='#cc0000'>'index'</font> <i>(length=5)</i>
  'action' <font color='#888a85'>=&gt;</font> <small>string</small> <font color='#cc0000'>'index'</font> <i>(length=5)</i>
</pre></pre>
2013-02-06T22:29:33+00:00 DEBUG (7): <pre><pre class='xdebug-var-dump' dir='ltr'>
<b>array</b> <i>(size=3)</i>
  'module' <font color='#888a85'>=&gt;</font> <small>string</small> <font color='#cc0000'>'pokemons'</font> <i>(length=8)</i>
  'controller' <font color='#888a85'>=&gt;</font> <small>string</small> <font color='#cc0000'>'index'</font> <i>(length=5)</i>
  'action' <font color='#888a85'>=&gt;</font> <small>string</small> <font color='#cc0000'>'index'</font> <i>(length=5)</i>
</pre></pre>
2013-02-06T22:29:36+00:00 DEBUG (7): <pre><pre class='xdebug-var-dump' dir='ltr'>
<b>array</b> <i>(size=3)</i>
  'module' <font color='#888a85'>=&gt;</font> <small>string</small> <font color='#cc0000'>'pokemons'</font> <i>(length=8)</i>
  'controller' <font color='#888a85'>=&gt;</font> <small>string</small> <font color='#cc0000'>'index'</font> <i>(length=5)</i>
  'action' <font color='#888a85'>=&gt;</font> <small>string</small> <font color='#cc0000'>'index'</font> <i>(length=5)</i>
</pre></pre>
2013-02-06T22:29:38+00:00 DEBUG (7): <pre><pre class='xdebug-var-dump' dir='ltr'>
<b>array</b> <i>(size=3)</i>
  'module' <font color='#888a85'>=&gt;</font> <small>string</small> <font color='#cc0000'>'pokemons'</font> <i>(length=8)</i>
  'controller' <font color='#888a85'>=&gt;</font> <small>string</small> <font color='#cc0000'>'index'</font> <i>(length=5)</i>
  'action' <font color='#888a85'>=&gt;</font> <small>string</small> <font color='#cc0000'>'index'</font> <i>(length=5)</i>
</pre></pre>
2013-02-06T22:30:35+00:00 DEBUG (7): <pre><pre class='xdebug-var-dump' dir='ltr'>
<b>array</b> <i>(size=3)</i>
  'module' <font color='#888a85'>=&gt;</font> <small>string</small> <font color='#cc0000'>'pokemons'</font> <i>(length=8)</i>
  'controller' <font color='#888a85'>=&gt;</font> <small>string</small> <font color='#cc0000'>'index'</font> <i>(length=5)</i>
  'action' <font color='#888a85'>=&gt;</font> <small>string</small> <font color='#cc0000'>'index'</font> <i>(length=5)</i>
</pre></pre>
2013-02-06T22:31:35+00:00 DEBUG (7): <pre><pre class='xdebug-var-dump' dir='ltr'>
<b>array</b> <i>(size=3)</i>
  'module' <font color='#888a85'>=&gt;</font> <small>string</small> <font color='#cc0000'>'pokemons'</font> <i>(length=8)</i>
  'controller' <font color='#888a85'>=&gt;</font> <small>string</small> <font color='#cc0000'>'index'</font> <i>(length=5)</i>
  'action' <font color='#888a85'>=&gt;</font> <small>string</small> <font color='#cc0000'>'index'</font> <i>(length=5)</i>
</pre></pre>
2013-02-06T22:31:38+00:00 DEBUG (7): <pre><pre class='xdebug-var-dump' dir='ltr'>
<b>array</b> <i>(size=3)</i>
  'module' <font color='#888a85'>=&gt;</font> <small>string</small> <font color='#cc0000'>'pokemons'</font> <i>(length=8)</i>
  'controller' <font color='#888a85'>=&gt;</font> <small>string</small> <font color='#cc0000'>'index'</font> <i>(length=5)</i>
  'action' <font color='#888a85'>=&gt;</font> <small>string</small> <font color='#cc0000'>'index'</font> <i>(length=5)</i>
</pre></pre>
2013-02-06T23:35:25+00:00 DEBUG (7): <pre><pre class='xdebug-var-dump' dir='ltr'>
<b>array</b>
  'module' <font color='#888a85'>=&gt;</font> <small>string</small> <font color='#cc0000'>'pokemons'</font> <i>(length=8)</i>
  'controller' <font color='#888a85'>=&gt;</font> <small>string</small> <font color='#cc0000'>'index'</font> <i>(length=5)</i>
  'action' <font color='#888a85'>=&gt;</font> <small>string</small> <font color='#cc0000'>'index'</font> <i>(length=5)</i>
</pre></pre>
2013-02-06T23:35:31+00:00 DEBUG (7): <pre><pre class='xdebug-var-dump' dir='ltr'>
<b>array</b>
  'module' <font color='#888a85'>=&gt;</font> <small>string</small> <font color='#cc0000'>'pokemons'</font> <i>(length=8)</i>
  'controller' <font color='#888a85'>=&gt;</font> <small>string</small> <font color='#cc0000'>'index'</font> <i>(length=5)</i>
  'action' <font color='#888a85'>=&gt;</font> <small>string</small> <font color='#cc0000'>'index'</font> <i>(length=5)</i>
</pre></pre>
2013-02-06T23:37:57+00:00 DEBUG (7): <pre><pre class='xdebug-var-dump' dir='ltr'>
<b>array</b>
  'module' <font color='#888a85'>=&gt;</font> <small>string</small> <font color='#cc0000'>'pokemons'</font> <i>(length=8)</i>
  'controller' <font color='#888a85'>=&gt;</font> <small>string</small> <font color='#cc0000'>'index'</font> <i>(length=5)</i>
  'action' <font color='#888a85'>=&gt;</font> <small>string</small> <font color='#cc0000'>'index'</font> <i>(length=5)</i>
</pre></pre>
2013-02-06T23:38:39+00:00 DEBUG (7): <pre><pre class='xdebug-var-dump' dir='ltr'>
<b>array</b>
  'module' <font color='#888a85'>=&gt;</font> <small>string</small> <font color='#cc0000'>'pokemons'</font> <i>(length=8)</i>
  'controller' <font color='#888a85'>=&gt;</font> <small>string</small> <font color='#cc0000'>'index'</font> <i>(length=5)</i>
  'action' <font color='#888a85'>=&gt;</font> <small>string</small> <font color='#cc0000'>'index'</font> <i>(length=5)</i>
</pre></pre>
2013-02-06T23:38:41+00:00 DEBUG (7): <pre><pre class='xdebug-var-dump' dir='ltr'>
<b>array</b>
  'module' <font color='#888a85'>=&gt;</font> <small>string</small> <font color='#cc0000'>'pokemons'</font> <i>(length=8)</i>
  'controller' <font color='#888a85'>=&gt;</font> <small>string</small> <font color='#cc0000'>'index'</font> <i>(length=5)</i>
  'action' <font color='#888a85'>=&gt;</font> <small>string</small> <font color='#cc0000'>'index'</font> <i>(length=5)</i>
</pre></pre>
2013-02-06T23:39:08+00:00 DEBUG (7): <pre><pre class='xdebug-var-dump' dir='ltr'>
<b>array</b>
  'module' <font color='#888a85'>=&gt;</font> <small>string</small> <font color='#cc0000'>'pokemons'</font> <i>(length=8)</i>
  'controller' <font color='#888a85'>=&gt;</font> <small>string</small> <font color='#cc0000'>'index'</font> <i>(length=5)</i>
  'action' <font color='#888a85'>=&gt;</font> <small>string</small> <font color='#cc0000'>'index'</font> <i>(length=5)</i>
</pre></pre>
2013-02-06T23:39:52+00:00 DEBUG (7): <pre><pre class='xdebug-var-dump' dir='ltr'>
<b>array</b>
  'module' <font color='#888a85'>=&gt;</font> <small>string</small> <font color='#cc0000'>'pokemons'</font> <i>(length=8)</i>
  'controller' <font color='#888a85'>=&gt;</font> <small>string</small> <font color='#cc0000'>'index'</font> <i>(length=5)</i>
  'action' <font color='#888a85'>=&gt;</font> <small>string</small> <font color='#cc0000'>'index'</font> <i>(length=5)</i>
</pre></pre>
2013-02-06T23:39:54+00:00 DEBUG (7): <pre><pre class='xdebug-var-dump' dir='ltr'>
<b>array</b>
  'module' <font color='#888a85'>=&gt;</font> <small>string</small> <font color='#cc0000'>'pokemons'</font> <i>(length=8)</i>
  'controller' <font color='#888a85'>=&gt;</font> <small>string</small> <font color='#cc0000'>'index'</font> <i>(length=5)</i>
  'action' <font color='#888a85'>=&gt;</font> <small>string</small> <font color='#cc0000'>'index'</font> <i>(length=5)</i>
</pre></pre>
2013-02-06T23:39:56+00:00 DEBUG (7): <pre><pre class='xdebug-var-dump' dir='ltr'>
<b>array</b>
  'module' <font color='#888a85'>=&gt;</font> <small>string</small> <font color='#cc0000'>'pokemons'</font> <i>(length=8)</i>
  'controller' <font color='#888a85'>=&gt;</font> <small>string</small> <font color='#cc0000'>'index'</font> <i>(length=5)</i>
  'action' <font color='#888a85'>=&gt;</font> <small>string</small> <font color='#cc0000'>'index'</font> <i>(length=5)</i>
</pre></pre>
2013-02-06T23:39:58+00:00 DEBUG (7): <pre><pre class='xdebug-var-dump' dir='ltr'>
<b>array</b>
  'module' <font color='#888a85'>=&gt;</font> <small>string</small> <font color='#cc0000'>'pokemons'</font> <i>(length=8)</i>
  'controller' <font color='#888a85'>=&gt;</font> <small>string</small> <font color='#cc0000'>'index'</font> <i>(length=5)</i>
  'action' <font color='#888a85'>=&gt;</font> <small>string</small> <font color='#cc0000'>'index'</font> <i>(length=5)</i>
</pre></pre>
2013-02-06T23:40:00+00:00 DEBUG (7): <pre><pre class='xdebug-var-dump' dir='ltr'>
<b>array</b>
  'module' <font color='#888a85'>=&gt;</font> <small>string</small> <font color='#cc0000'>'pokemons'</font> <i>(length=8)</i>
  'controller' <font color='#888a85'>=&gt;</font> <small>string</small> <font color='#cc0000'>'index'</font> <i>(length=5)</i>
  'action' <font color='#888a85'>=&gt;</font> <small>string</small> <font color='#cc0000'>'index'</font> <i>(length=5)</i>
</pre></pre>
2013-02-07T00:04:16+00:00 DEBUG (7): <pre><pre class='xdebug-var-dump' dir='ltr'>
<b>array</b>
  'module' <font color='#888a85'>=&gt;</font> <small>string</small> <font color='#cc0000'>'pokemons'</font> <i>(length=8)</i>
  'controller' <font color='#888a85'>=&gt;</font> <small>string</small> <font color='#cc0000'>'index'</font> <i>(length=5)</i>
  'action' <font color='#888a85'>=&gt;</font> <small>string</small> <font color='#cc0000'>'index'</font> <i>(length=5)</i>
</pre></pre>
2013-02-07T00:46:05+00:00 DEBUG (7): <pre><pre class='xdebug-var-dump' dir='ltr'>
<b>array</b>
  'module' <font color='#888a85'>=&gt;</font> <small>string</small> <font color='#cc0000'>'pokemons'</font> <i>(length=8)</i>
  'controller' <font color='#888a85'>=&gt;</font> <small>string</small> <font color='#cc0000'>'index'</font> <i>(length=5)</i>
  'action' <font color='#888a85'>=&gt;</font> <small>string</small> <font color='#cc0000'>'index'</font> <i>(length=5)</i>
</pre></pre>
2013-02-07T00:46:15+00:00 DEBUG (7): <pre><pre class='xdebug-var-dump' dir='ltr'>
<b>array</b>
  'module' <font color='#888a85'>=&gt;</font> <small>string</small> <font color='#cc0000'>'pokemons'</font> <i>(length=8)</i>
  'controller' <font color='#888a85'>=&gt;</font> <small>string</small> <font color='#cc0000'>'index'</font> <i>(length=5)</i>
  'action' <font color='#888a85'>=&gt;</font> <small>string</small> <font color='#cc0000'>'index'</font> <i>(length=5)</i>
</pre></pre>
